<?xml version="1.0" encoding="UTF-8"?>
<testsuite xmlns:xsi="http://www.w3.org/2001/XMLSchema-instance" xsi:noNamespaceSchemaLocation="https://maven.apache.org/surefire/maven-surefire-plugin/xsd/surefire-test-report-3.0.xsd" version="3.0" name="com.taskapp.authservice.AuthServiceApplicationTests" time="18.694" tests="1" errors="0" skipped="0" failures="0">
  <properties>
[...]
</properties>
  <testcase name="contextLoads" classname="com.taskapp.authservice.AuthServiceApplicationTests" time="1.126">
    <system-out><![CDATA[16:22:03.003 [main] INFO org.springframework.test.context.support.AnnotationConfigContextLoaderUtils -- Could not detect default configuration classes for test class [com.taskapp.authservice.AuthServiceApplicationTests]: AuthServiceApplicationTests does not declare any static, non-private, non-final, nested classes annotated with @Configuration.
16:22:03.260 [main] INFO org.springframework.boot.test.context.SpringBootTestContextBootstrapper -- Found @SpringBootConfiguration com.taskapp.authservice.AuthServiceApplication for test class com.taskapp.authservice.AuthServiceApplicationTests
  .   ____          _            __ _ _
 /\\ / ___'_ __ _ _(_)_ __  __ _ \ \ \ \
( ( )\___ | '_ | '_| | '_ \/ _` | \ \ \ \
 \\/  ___)| |_)| | | | | || (_| |  ) ) ) )
  '  |____| .__|_| |_|_| |_\__, | / / / /
 =========|_|==============|___/=/_/_/_/

 :: Spring Boot ::                (v3.3.0)

2026-04-02T16:22:04.591+05:30  INFO 6796 --- [auth-service] [           main] c.t.a.AuthServiceApplicationTests        : Starting AuthServiceApplicationTests using Java 21.0.9 with PID 6796 (started by razzj in C:\Users\razzj\OneDrive\Desktop\TaskFlow\auth-service)
2026-04-02T16:22:04.594+05:30  INFO 6796 --- [auth-service] [           main] c.t.a.AuthServiceApplicationTests        : No active profile set, falling back to 1 default profile: "default"
2026-04-02T16:22:07.297+05:30  INFO 6796 --- [auth-service] [           main] .s.d.r.c.RepositoryConfigurationDelegate : Bootstrapping Spring Data JPA repositories in DEFAULT mode.
2026-04-02T16:22:07.701+05:30  INFO 6796 --- [auth-service] [           main] .s.d.r.c.RepositoryConfigurationDelegate : Finished Spring Data repository scanning in 347 ms. Found 2 JPA repository interfaces.
2026-04-02T16:22:08.584+05:30  INFO 6796 --- [auth-service] [           main] o.s.cloud.context.scope.GenericScope     : BeanFactory id=0a3682b1-2a0c-33c6-a3a2-c39dbd326545
2026-04-02T16:22:09.294+05:30  WARN 6796 --- [auth-service] [           main] trationDelegate$BeanPostProcessorChecker : Bean 'org.springframework.cloud.client.loadbalancer.LoadBalancerAutoConfiguration$DeferringLoadBalancerInterceptorConfig' of type [org.springframework.cloud.client.loadbalancer.LoadBalancerAutoConfiguration$DeferringLoadBalancerInterceptorConfig] is not eligible for getting processed by all BeanPostProcessors (for example: not eligible for auto-proxying). The currently created BeanPostProcessor [lbRestClientPostProcessor] is declared through a non-static factory method on that class; consider declaring it as static instead.
2026-04-02T16:22:09.302+05:30  WARN 6796 --- [auth-service] [           main] trationDelegate$BeanPostProcessorChecker : Bean 'deferringLoadBalancerInterceptor' of type [org.springframework.cloud.client.loadbalancer.DeferringLoadBalancerInterceptor] is not eligible for getting processed by all BeanPostProcessors (for example: not eligible for auto-proxying). Is this bean getting eagerly injected into a currently created BeanPostProcessor [lbRestClientPostProcessor]? Check the corresponding BeanPostProcessor declaration and its dependencies.
2026-04-02T16:22:09.960+05:30  INFO 6796 --- [auth-service] [           main] o.hibernate.jpa.internal.util.LogHelper  : HHH000204: Processing PersistenceUnitInfo [name: default]
2026-04-02T16:22:10.238+05:30  INFO 6796 --- [auth-service] [           main] org.hibernate.Version                    : HHH000412: Hibernate ORM core version 6.5.2.Final
2026-04-02T16:22:10.386+05:30  INFO 6796 --- [auth-service] [           main] o.h.c.internal.RegionFactoryInitiator    : HHH000026: Second-level cache disabled
2026-04-02T16:22:11.280+05:30  INFO 6796 --- [auth-service] [           main] o.s.o.j.p.SpringPersistenceUnitInfo      : No LoadTimeWeaver setup: ignoring JPA class transformer
2026-04-02T16:22:11.356+05:30  INFO 6796 --- [auth-service] [           main] com.zaxxer.hikari.HikariDataSource       : HikariPool-1 - Starting...
2026-04-02T16:22:11.900+05:30  INFO 6796 --- [auth-service] [           main] com.zaxxer.hikari.pool.HikariPool        : HikariPool-1 - Added connection com.mysql.cj.jdbc.ConnectionImpl@2474df51
2026-04-02T16:22:11.905+05:30  INFO 6796 --- [auth-service] [           main] com.zaxxer.hikari.HikariDataSource       : HikariPool-1 - Start completed.
2026-04-02T16:22:12.052+05:30  WARN 6796 --- [auth-service] [           main] org.hibernate.orm.deprecation            : HHH90000025: MySQLDialect does not need to be specified explicitly using 'hibernate.dialect' (remove the property setting and it will be selected by default)
2026-04-02T16:22:14.010+05:30  INFO 6796 --- [auth-service] [           main] o.h.e.t.j.p.i.JtaPlatformInitiator       : HHH000489: No JTA platform available (set 'hibernate.transaction.jta.platform' to enable JTA platform integration)
2026-04-02T16:22:14.597+05:30  INFO 6796 --- [auth-service] [           main] j.LocalContainerEntityManagerFactoryBean : Initialized JPA EntityManagerFactory for persistence unit 'default'
2026-04-02T16:22:15.972+05:30  INFO 6796 --- [auth-service] [           main] eAuthenticationProviderManagerConfigurer : Global AuthenticationManager configured with AuthenticationProvider bean with name authenticationProvider
2026-04-02T16:22:15.974+05:30  WARN 6796 --- [auth-service] [           main] r$InitializeUserDetailsManagerConfigurer : Global AuthenticationManager configured with an AuthenticationProvider bean. UserDetailsService beans will not be used for username/password login. Consider removing the AuthenticationProvider bean. Alternatively, consider using the UserDetailsService in a manually instantiated DaoAuthenticationProvider.
2026-04-02T16:22:16.046+05:30  WARN 6796 --- [auth-service] [           main] JpaBaseConfiguration$JpaWebConfiguration : spring.jpa.open-in-view is enabled by default. Therefore, database queries may be performed during view rendering. Explicitly configure spring.jpa.open-in-view to disable this warning
2026-04-02T16:22:17.000+05:30  INFO 6796 --- [auth-service] [           main] o.s.s.web.DefaultSecurityFilterChain     : Will secure any request with [org.springframework.security.web.session.DisableEncodeUrlFilter@7a80ebcd, org.springframework.security.web.context.request.async.WebAsyncManagerIntegrationFilter@365eaef, org.springframework.security.web.context.SecurityContextHolderFilter@73ccdfc1, org.springframework.security.web.header.HeaderWriterFilter@1b4bc7b9, org.springframework.web.filter.CorsFilter@631c6ef4, org.springframework.security.web.authentication.logout.LogoutFilter@318ca53a, com.taskapp.authservice.security.JwtAuthenticationFilter@2472ba04, org.springframework.security.web.savedrequest.RequestCacheAwareFilter@502dc93a, org.springframework.security.web.servletapi.SecurityContextHolderAwareRequestFilter@7af5ce66, org.springframework.security.web.authentication.AnonymousAuthenticationFilter@9e2b199, org.springframework.security.web.session.SessionManagementFilter@1a9e2c3b, org.springframework.security.web.access.ExceptionTranslationFilter@715ea64a, org.springframework.security.web.access.intercept.AuthorizationFilter@18f1260]
2026-04-02T16:22:18.158+05:30  INFO 6796 --- [auth-service] [           main] DiscoveryClientOptionalArgsConfiguration : Eureka HTTP Client uses RestTemplate.
2026-04-02T16:22:18.287+05:30  WARN 6796 --- [auth-service] [           main] iguration$LoadBalancerCaffeineWarnLogger : Spring Cloud LoadBalancer is currently working with the default cache. While this cache implementation is useful for development and tests, it's recommended to use Caffeine cache in production.You can switch to using Caffeine cache, by adding it and org.springframework.cache.caffeine.CaffeineCacheManager to the classpath.
2026-04-02T16:22:18.336+05:30  INFO 6796 --- [auth-service] [           main] o.s.c.n.eureka.InstanceInfoFactory       : Setting initial instance status as: STARTING
2026-04-02T16:22:18.651+05:30  INFO 6796 --- [auth-service] [           main] com.netflix.discovery.DiscoveryClient    : Initializing Eureka in region us-east-1
2026-04-02T16:22:18.683+05:30  INFO 6796 --- [auth-service] [           main] c.n.d.s.r.aws.ConfigClusterResolver      : Resolving eureka endpoints via configuration
2026-04-02T16:22:18.747+05:30  INFO 6796 --- [auth-service] [           main] com.netflix.discovery.DiscoveryClient    : Disable delta property : false
2026-04-02T16:22:18.747+05:30  INFO 6796 --- [auth-service] [           main] com.netflix.discovery.DiscoveryClient    : Single vip registry refresh property : null
2026-04-02T16:22:18.747+05:30  INFO 6796 --- [auth-service] [           main] com.netflix.discovery.DiscoveryClient    : Force full registry fetch : false
2026-04-02T16:22:18.747+05:30  INFO 6796 --- [auth-service] [           main] com.netflix.discovery.DiscoveryClient    : Application is null : false
2026-04-02T16:22:18.748+05:30  INFO 6796 --- [auth-service] [           main] com.netflix.discovery.DiscoveryClient    : Registered Applications size is zero : true
2026-04-02T16:22:18.748+05:30  INFO 6796 --- [auth-service] [           main] com.netflix.discovery.DiscoveryClient    : Application version is -1: true
2026-04-02T16:22:18.748+05:30  INFO 6796 --- [auth-service] [           main] com.netflix.discovery.DiscoveryClient    : Getting all instance registry info from the eureka server
2026-04-02T16:22:20.001+05:30  INFO 6796 --- [auth-service] [           main] com.netflix.discovery.DiscoveryClient    : The response status is 200
2026-04-02T16:22:20.006+05:30  INFO 6796 --- [auth-service] [           main] com.netflix.discovery.DiscoveryClient    : Starting heartbeat executor: renew interval is: 30
2026-04-02T16:22:20.012+05:30  INFO 6796 --- [auth-service] [           main] c.n.discovery.InstanceInfoReplicator     : InstanceInfoReplicator onDemand update allowed rate per min is 4
2026-04-02T16:22:20.021+05:30  INFO 6796 --- [auth-service] [           main] com.netflix.discovery.DiscoveryClient    : Discovery Client initialized at timestamp 1775127140020 with initial instances count: 0
2026-04-02T16:22:20.030+05:30  INFO 6796 --- [auth-service] [           main] o.s.c.n.e.s.EurekaServiceRegistry        : Registering application AUTH-SERVICE with eureka with status UP
2026-04-02T16:22:20.031+05:30  INFO 6796 --- [auth-service] [           main] com.netflix.discovery.DiscoveryClient    : Saw local status change event StatusChangeEvent [timestamp=1775127140031, current=UP, previous=STARTING]
2026-04-02T16:22:20.036+05:30  INFO 6796 --- [auth-service] [nfoReplicator-0] com.netflix.discovery.DiscoveryClient    : DiscoveryClient_AUTH-SERVICE/krishan:auth-service:8081: registering service...
2026-04-02T16:22:20.062+05:30  INFO 6796 --- [auth-service] [           main] c.t.a.AuthServiceApplicationTests        : Started AuthServiceApplicationTests in 16.394 seconds (process running for 18.937)
2026-04-02T16:22:20.357+05:30  INFO 6796 --- [auth-service] [nfoReplicator-0] com.netflix.discovery.DiscoveryClient    : DiscoveryClient_AUTH-SERVICE/krishan:auth-service:8081 - registration status: 204
]]></system-out>
    <system-err><![CDATA[WARNING: A Java agent has been loaded dynamically (C:\Users\razzj\.m2\repository\net\bytebuddy\byte-buddy-agent\1.14.16\byte-buddy-agent-1.14.16.jar)
WARNING: If a serviceability tool is in use, please run with -XX:+EnableDynamicAgentLoading to hide this warning
WARNING: If a serviceability tool is not in use, please run with -Djdk.instrument.traceUsage for more information
WARNING: Dynamic loading of agents will be disallowed by default in a future release
]]></system-err>
  </testcase>
</testsuite>